2020-03-23 10:24:10.792 [main] INFO  com.neimeng.workflow.WorkflowApplication:50 - Starting WorkflowApplication on DESKTOP-GLI3UCE with PID 5152 (E:\study\activiti\target\classes started by Administrator in E:\study\activiti)
2020-03-23 10:24:10.820 [main] INFO  com.neimeng.workflow.WorkflowApplication:646 - No active profile set, falling back to default profiles: default
2020-03-23 10:24:12.664 [main] INFO  o.s.c.s.PostProcessorRegistrationDelegate$BeanPostProcessorChecker:330 - Bean 'hibernateValidatorConfiguration' of type [com.neimeng.workflow.config.HibernateValidatorConfiguration$$EnhancerBySpringCGLIB$$6b7da2c4] is not eligible for getting processed by all BeanPostProcessors (for example: not eligible for auto-proxying)
2020-03-23 10:24:12.743 [main] INFO  o.s.c.s.PostProcessorRegistrationDelegate$BeanPostProcessorChecker:330 - Bean 'org.springframework.transaction.annotation.ProxyTransactionManagementConfiguration' of type [org.springframework.transaction.annotation.ProxyTransactionManagementConfiguration$$EnhancerBySpringCGLIB$$6b5c63be] is not eligible for getting processed by all BeanPostProcessors (for example: not eligible for auto-proxying)
2020-03-23 10:24:13.056 [main] INFO  o.s.boot.web.embedded.tomcat.TomcatWebServer:90 - Tomcat initialized with port(s): 8081 (http)
2020-03-23 10:24:13.081 [main] INFO  org.apache.coyote.http11.Http11NioProtocol:173 - Initializing ProtocolHandler ["http-nio-8081"]
2020-03-23 10:24:13.091 [main] INFO  org.apache.catalina.core.StandardService:173 - Starting service [Tomcat]
2020-03-23 10:24:13.091 [main] INFO  org.apache.catalina.core.StandardEngine:173 - Starting Servlet engine: [Apache Tomcat/9.0.21]
2020-03-23 10:24:13.357 [main] INFO  o.a.c.core.ContainerBase.[Tomcat].[localhost].[/]:173 - Initializing Spring embedded WebApplicationContext
2020-03-23 10:24:13.358 [main] INFO  org.springframework.web.context.ContextLoader:283 - Root WebApplicationContext: initialization completed in 2454 ms
2020-03-23 10:24:14.057 [main] INFO  com.zaxxer.hikari.HikariDataSource:110 - HikariPool-1 - Starting...
2020-03-23 10:24:14.298 [main] INFO  com.zaxxer.hikari.HikariDataSource:123 - HikariPool-1 - Start completed.
2020-03-23 10:24:15.010 [main] INFO  o.a.e.c.DefaultActiviti5CompatibilityHandlerFactory:38 - Activiti 5 compatibility handler implementation not found or error during instantiation : org.activiti.compatibility.DefaultActiviti5CompatibilityHandler. Activiti 5 backwards compatibility disabled.
2020-03-23 10:24:15.078 [main] INFO  org.activiti.engine.impl.ProcessEngineImpl:87 - ProcessEngine default created
2020-03-23 10:24:15.631 [main] INFO  s.d.s.w.PropertySourcedRequestMappingHandlerMapping:69 - Mapped URL path [/v2/api-docs] onto method [public org.springframework.http.ResponseEntity<springfox.documentation.spring.web.json.Json> springfox.documentation.swagger2.web.Swagger2Controller.getDocumentation(java.lang.String,javax.servlet.http.HttpServletRequest)]
2020-03-23 10:24:16.000 [main] INFO  s.d.s.web.plugins.DocumentationPluginsBootstrapper:160 - Context refreshed
2020-03-23 10:24:16.015 [main] INFO  s.d.s.web.plugins.DocumentationPluginsBootstrapper:163 - Found 1 custom documentation plugin(s)
2020-03-23 10:24:16.050 [main] INFO  s.d.spring.web.scanners.ApiListingReferenceScanner:41 - Scanning for api listing references
2020-03-23 10:24:16.363 [main] INFO  org.apache.coyote.http11.Http11NioProtocol:173 - Starting ProtocolHandler ["http-nio-8081"]
2020-03-23 10:24:16.388 [main] INFO  o.s.boot.web.embedded.tomcat.TomcatWebServer:202 - Tomcat started on port(s): 8081 (http) with context path ''
2020-03-23 10:24:16.391 [main] INFO  com.neimeng.workflow.WorkflowApplication:59 - Started WorkflowApplication in 8.281 seconds (JVM running for 11.537)
2020-03-23 10:24:46.722 [http-nio-8081-exec-1] INFO  o.a.c.core.ContainerBase.[Tomcat].[localhost].[/]:173 - Initializing Spring DispatcherServlet 'dispatcherServlet'
2020-03-23 10:24:46.723 [http-nio-8081-exec-1] INFO  org.springframework.web.servlet.DispatcherServlet:524 - Initializing Servlet 'dispatcherServlet'
2020-03-23 10:24:46.732 [http-nio-8081-exec-1] INFO  org.springframework.web.servlet.DispatcherServlet:546 - Completed initialization in 9 ms
2020-03-23 11:26:09.791 [http-nio-8081-exec-3] INFO  com.neimeng.workflow.controller.ModelerController:75 - 创建模型入参name：activiti,key:123456
2020-03-23 11:26:09.904 [http-nio-8081-exec-3] INFO  com.neimeng.workflow.controller.ModelerController:96 - 创建模型完善ModelEditorSource入参模型ID：7501
2020-03-23 11:26:09.914 [http-nio-8081-exec-3] INFO  com.neimeng.workflow.controller.ModelerController:108 - 创建模型完善ModelEditorSource结束
2020-03-23 11:26:09.915 [http-nio-8081-exec-3] INFO  com.neimeng.workflow.controller.ModelerController:87 - 创建模型结束，返回模型ID：7501
2020-03-23 15:08:46.680 [http-nio-8081-exec-1] INFO  com.neimeng.workflow.controller.ModelerController:119 - 流程部署入参modelId：7501
2020-03-23 15:08:47.262 [http-nio-8081-exec-1] INFO  com.neimeng.workflow.controller.ModelerController:142 - 流程部署出参map：{code=SUCCESS}
2020-03-23 15:10:33.343 [Thread-17] INFO  com.zaxxer.hikari.HikariDataSource:350 - HikariPool-1 - Shutdown initiated...
2020-03-23 15:10:33.348 [Thread-17] INFO  com.zaxxer.hikari.HikariDataSource:352 - HikariPool-1 - Shutdown completed.
2020-03-23 15:10:39.552 [main] INFO  com.neimeng.workflow.WorkflowApplication:50 - Starting WorkflowApplication on DESKTOP-GLI3UCE with PID 2880 (E:\study\activiti\target\classes started by Administrator in E:\study\activiti)
2020-03-23 15:10:39.555 [main] INFO  com.neimeng.workflow.WorkflowApplication:646 - No active profile set, falling back to default profiles: default
2020-03-23 15:10:40.662 [main] INFO  o.s.c.s.PostProcessorRegistrationDelegate$BeanPostProcessorChecker:330 - Bean 'hibernateValidatorConfiguration' of type [com.neimeng.workflow.config.HibernateValidatorConfiguration$$EnhancerBySpringCGLIB$$c03f091c] is not eligible for getting processed by all BeanPostProcessors (for example: not eligible for auto-proxying)
2020-03-23 15:10:40.719 [main] INFO  o.s.c.s.PostProcessorRegistrationDelegate$BeanPostProcessorChecker:330 - Bean 'org.springframework.transaction.annotation.ProxyTransactionManagementConfiguration' of type [org.springframework.transaction.annotation.ProxyTransactionManagementConfiguration$$EnhancerBySpringCGLIB$$c01dca16] is not eligible for getting processed by all BeanPostProcessors (for example: not eligible for auto-proxying)
2020-03-23 15:10:40.963 [main] INFO  o.s.boot.web.embedded.tomcat.TomcatWebServer:90 - Tomcat initialized with port(s): 8081 (http)
2020-03-23 15:10:40.987 [main] INFO  org.apache.coyote.http11.Http11NioProtocol:173 - Initializing ProtocolHandler ["http-nio-8081"]
2020-03-23 15:10:40.996 [main] INFO  org.apache.catalina.core.StandardService:173 - Starting service [Tomcat]
2020-03-23 15:10:40.997 [main] INFO  org.apache.catalina.core.StandardEngine:173 - Starting Servlet engine: [Apache Tomcat/9.0.21]
2020-03-23 15:10:41.137 [main] INFO  o.a.c.core.ContainerBase.[Tomcat].[localhost].[/]:173 - Initializing Spring embedded WebApplicationContext
2020-03-23 15:10:41.137 [main] INFO  org.springframework.web.context.ContextLoader:283 - Root WebApplicationContext: initialization completed in 1541 ms
2020-03-23 15:10:41.727 [main] INFO  com.zaxxer.hikari.HikariDataSource:110 - HikariPool-1 - Starting...
2020-03-23 15:10:41.887 [main] INFO  com.zaxxer.hikari.HikariDataSource:123 - HikariPool-1 - Start completed.
2020-03-23 15:10:42.490 [main] INFO  o.a.e.c.DefaultActiviti5CompatibilityHandlerFactory:38 - Activiti 5 compatibility handler implementation not found or error during instantiation : org.activiti.compatibility.DefaultActiviti5CompatibilityHandler. Activiti 5 backwards compatibility disabled.
2020-03-23 15:10:42.548 [main] INFO  org.activiti.engine.impl.ProcessEngineImpl:87 - ProcessEngine default created
2020-03-23 15:10:43.083 [main] INFO  s.d.s.w.PropertySourcedRequestMappingHandlerMapping:69 - Mapped URL path [/v2/api-docs] onto method [public org.springframework.http.ResponseEntity<springfox.documentation.spring.web.json.Json> springfox.documentation.swagger2.web.Swagger2Controller.getDocumentation(java.lang.String,javax.servlet.http.HttpServletRequest)]
2020-03-23 15:10:43.406 [main] INFO  s.d.s.web.plugins.DocumentationPluginsBootstrapper:160 - Context refreshed
2020-03-23 15:10:43.421 [main] INFO  s.d.s.web.plugins.DocumentationPluginsBootstrapper:163 - Found 1 custom documentation plugin(s)
2020-03-23 15:10:43.456 [main] INFO  s.d.spring.web.scanners.ApiListingReferenceScanner:41 - Scanning for api listing references
2020-03-23 15:10:43.773 [main] INFO  org.apache.coyote.http11.Http11NioProtocol:173 - Starting ProtocolHandler ["http-nio-8081"]
2020-03-23 15:10:43.802 [main] INFO  o.s.boot.web.embedded.tomcat.TomcatWebServer:202 - Tomcat started on port(s): 8081 (http) with context path ''
2020-03-23 15:10:43.806 [main] INFO  com.neimeng.workflow.WorkflowApplication:59 - Started WorkflowApplication in 4.917 seconds (JVM running for 5.92)
2020-03-23 15:11:24.639 [http-nio-8081-exec-2] INFO  o.a.c.core.ContainerBase.[Tomcat].[localhost].[/]:173 - Initializing Spring DispatcherServlet 'dispatcherServlet'
2020-03-23 15:11:24.640 [http-nio-8081-exec-2] INFO  org.springframework.web.servlet.DispatcherServlet:524 - Initializing Servlet 'dispatcherServlet'
2020-03-23 15:11:24.647 [http-nio-8081-exec-2] INFO  org.springframework.web.servlet.DispatcherServlet:546 - Completed initialization in 7 ms
2020-03-23 15:11:24.803 [http-nio-8081-exec-2] ERROR c.n.workflow.exception.GlobalExceptionHandler:52 - 当前任务审批人应该是: null
com.neimeng.workflow.exception.GlobalException: 当前任务审批人应该是: null
	at com.neimeng.workflow.service.DatasetProcessService.approvalTask(DatasetProcessService.java:126)
	at com.neimeng.workflow.service.DatasetProcessService$$FastClassBySpringCGLIB$$98a921ce.invoke(<generated>)
	at org.springframework.cglib.proxy.MethodProxy.invoke(MethodProxy.java:218)
	at org.springframework.aop.framework.CglibAopProxy$CglibMethodInvocation.invokeJoinpoint(CglibAopProxy.java:749)
	at org.springframework.aop.framework.ReflectiveMethodInvocation.proceed(ReflectiveMethodInvocation.java:163)
	at org.springframework.transaction.interceptor.TransactionAspectSupport.invokeWithinTransaction(TransactionAspectSupport.java:295)
	at org.springframework.transaction.interceptor.TransactionInterceptor.invoke(TransactionInterceptor.java:98)
	at org.springframework.aop.framework.ReflectiveMethodInvocation.proceed(ReflectiveMethodInvocation.java:186)
	at org.springframework.aop.framework.CglibAopProxy$DynamicAdvisedInterceptor.intercept(CglibAopProxy.java:688)
	at com.neimeng.workflow.service.DatasetProcessService$$EnhancerBySpringCGLIB$$b7255e72.approvalTask(<generated>)
	at com.neimeng.workflow.controller.dataset.DatasetProcessController.approvalTask(DatasetProcessController.java:48)
	at sun.reflect.NativeMethodAccessorImpl.invoke0(Native Method)
	at sun.reflect.NativeMethodAccessorImpl.invoke(NativeMethodAccessorImpl.java:62)
	at sun.reflect.DelegatingMethodAccessorImpl.invoke(DelegatingMethodAccessorImpl.java:43)
	at java.lang.reflect.Method.invoke(Method.java:498)
	at org.springframework.web.method.support.InvocableHandlerMethod.doInvoke(InvocableHandlerMethod.java:190)
	at org.springframework.web.method.support.InvocableHandlerMethod.invokeForRequest(InvocableHandlerMethod.java:138)
	at org.springframework.web.servlet.mvc.method.annotation.ServletInvocableHandlerMethod.invokeAndHandle(ServletInvocableHandlerMethod.java:104)
	at org.springframework.web.servlet.mvc.method.annotation.RequestMappingHandlerAdapter.invokeHandlerMethod(RequestMappingHandlerAdapter.java:892)
	at org.springframework.web.servlet.mvc.method.annotation.RequestMappingHandlerAdapter.handleInternal(RequestMappingHandlerAdapter.java:797)
	at org.springframework.web.servlet.mvc.method.AbstractHandlerMethodAdapter.handle(AbstractHandlerMethodAdapter.java:87)
	at org.springframework.web.servlet.DispatcherServlet.doDispatch(DispatcherServlet.java:1039)
	at org.springframework.web.servlet.DispatcherServlet.doService(DispatcherServlet.java:942)
	at org.springframework.web.servlet.FrameworkServlet.processRequest(FrameworkServlet.java:1005)
	at org.springframework.web.servlet.FrameworkServlet.doPost(FrameworkServlet.java:908)
	at javax.servlet.http.HttpServlet.service(HttpServlet.java:660)
	at org.springframework.web.servlet.FrameworkServlet.service(FrameworkServlet.java:882)
	at javax.servlet.http.HttpServlet.service(HttpServlet.java:741)
	at org.apache.catalina.core.ApplicationFilterChain.internalDoFilter(ApplicationFilterChain.java:231)
	at org.apache.catalina.core.ApplicationFilterChain.doFilter(ApplicationFilterChain.java:166)
	at org.apache.tomcat.websocket.server.WsFilter.doFilter(WsFilter.java:53)
	at org.apache.catalina.core.ApplicationFilterChain.internalDoFilter(ApplicationFilterChain.java:193)
	at org.apache.catalina.core.ApplicationFilterChain.doFilter(ApplicationFilterChain.java:166)
	at org.springframework.web.filter.RequestContextFilter.doFilterInternal(RequestContextFilter.java:99)
	at org.springframework.web.filter.OncePerRequestFilter.doFilter(OncePerRequestFilter.java:109)
	at org.apache.catalina.core.ApplicationFilterChain.internalDoFilter(ApplicationFilterChain.java:193)
	at org.apache.catalina.core.ApplicationFilterChain.doFilter(ApplicationFilterChain.java:166)
	at org.springframework.web.filter.FormContentFilter.doFilterInternal(FormContentFilter.java:92)
	at org.springframework.web.filter.OncePerRequestFilter.doFilter(OncePerRequestFilter.java:109)
	at org.apache.catalina.core.ApplicationFilterChain.internalDoFilter(ApplicationFilterChain.java:193)
	at org.apache.catalina.core.ApplicationFilterChain.doFilter(ApplicationFilterChain.java:166)
	at org.springframework.web.filter.HiddenHttpMethodFilter.doFilterInternal(HiddenHttpMethodFilter.java:93)
	at org.springframework.web.filter.OncePerRequestFilter.doFilter(OncePerRequestFilter.java:109)
	at org.apache.catalina.core.ApplicationFilterChain.internalDoFilter(ApplicationFilterChain.java:193)
	at org.apache.catalina.core.ApplicationFilterChain.doFilter(ApplicationFilterChain.java:166)
	at org.springframework.web.filter.CharacterEncodingFilter.doFilterInternal(CharacterEncodingFilter.java:200)
	at org.springframework.web.filter.OncePerRequestFilter.doFilter(OncePerRequestFilter.java:109)
	at org.apache.catalina.core.ApplicationFilterChain.internalDoFilter(ApplicationFilterChain.java:193)
	at org.apache.catalina.core.ApplicationFilterChain.doFilter(ApplicationFilterChain.java:166)
	at org.apache.catalina.core.StandardWrapperValve.invoke(StandardWrapperValve.java:202)
	at org.apache.catalina.core.StandardContextValve.invoke(StandardContextValve.java:96)
	at org.apache.catalina.authenticator.AuthenticatorBase.invoke(AuthenticatorBase.java:490)
	at org.apache.catalina.core.StandardHostValve.invoke(StandardHostValve.java:139)
	at org.apache.catalina.valves.ErrorReportValve.invoke(ErrorReportValve.java:92)
	at org.apache.catalina.core.StandardEngineValve.invoke(StandardEngineValve.java:74)
	at org.apache.catalina.connector.CoyoteAdapter.service(CoyoteAdapter.java:343)
	at org.apache.coyote.http11.Http11Processor.service(Http11Processor.java:408)
	at org.apache.coyote.AbstractProcessorLight.process(AbstractProcessorLight.java:66)
	at org.apache.coyote.AbstractProtocol$ConnectionHandler.process(AbstractProtocol.java:853)
	at org.apache.tomcat.util.net.NioEndpoint$SocketProcessor.doRun(NioEndpoint.java:1587)
	at org.apache.tomcat.util.net.SocketProcessorBase.run(SocketProcessorBase.java:49)
	at java.util.concurrent.ThreadPoolExecutor.runWorker(ThreadPoolExecutor.java:1149)
	at java.util.concurrent.ThreadPoolExecutor$Worker.run(ThreadPoolExecutor.java:624)
	at org.apache.tomcat.util.threads.TaskThread$WrappingRunnable.run(TaskThread.java:61)
	at java.lang.Thread.run(Thread.java:748)
2020-03-23 15:36:55.366 [http-nio-8081-exec-6] INFO  com.neimeng.workflow.controller.ModelerController:75 - 创建模型入参name：activiti,key:123456
2020-03-23 15:36:55.379 [http-nio-8081-exec-6] INFO  com.neimeng.workflow.controller.ModelerController:96 - 创建模型完善ModelEditorSource入参模型ID：10030
2020-03-23 15:36:55.388 [http-nio-8081-exec-6] INFO  com.neimeng.workflow.controller.ModelerController:108 - 创建模型完善ModelEditorSource结束
2020-03-23 15:36:55.389 [http-nio-8081-exec-6] INFO  com.neimeng.workflow.controller.ModelerController:87 - 创建模型结束，返回模型ID：10030
2020-03-23 15:37:07.164 [http-nio-8081-exec-2] INFO  com.neimeng.workflow.controller.ModelerController:75 - 创建模型入参name：activiti,key:123456
2020-03-23 15:37:07.169 [http-nio-8081-exec-2] INFO  com.neimeng.workflow.controller.ModelerController:96 - 创建模型完善ModelEditorSource入参模型ID：10032
2020-03-23 15:37:07.173 [http-nio-8081-exec-2] INFO  com.neimeng.workflow.controller.ModelerController:108 - 创建模型完善ModelEditorSource结束
2020-03-23 15:37:07.174 [http-nio-8081-exec-2] INFO  com.neimeng.workflow.controller.ModelerController:87 - 创建模型结束，返回模型ID：10032
2020-03-23 15:40:03.624 [Thread-14] INFO  com.zaxxer.hikari.HikariDataSource:350 - HikariPool-1 - Shutdown initiated...
2020-03-23 15:40:03.630 [Thread-14] INFO  com.zaxxer.hikari.HikariDataSource:352 - HikariPool-1 - Shutdown completed.
2020-03-23 16:18:24.596 [main] INFO  com.neimeng.workflow.WorkflowApplication:50 - Starting WorkflowApplication on DESKTOP-GLI3UCE with PID 5280 (E:\study\activiti\target\classes started by Administrator in E:\study\activiti)
2020-03-23 16:18:24.611 [main] INFO  com.neimeng.workflow.WorkflowApplication:646 - No active profile set, falling back to default profiles: default
2020-03-23 16:18:25.772 [main] INFO  o.s.c.s.PostProcessorRegistrationDelegate$BeanPostProcessorChecker:330 - Bean 'hibernateValidatorConfiguration' of type [com.neimeng.workflow.config.HibernateValidatorConfiguration$$EnhancerBySpringCGLIB$$1d5112a3] is not eligible for getting processed by all BeanPostProcessors (for example: not eligible for auto-proxying)
2020-03-23 16:18:25.829 [main] INFO  o.s.c.s.PostProcessorRegistrationDelegate$BeanPostProcessorChecker:330 - Bean 'org.springframework.transaction.annotation.ProxyTransactionManagementConfiguration' of type [org.springframework.transaction.annotation.ProxyTransactionManagementConfiguration$$EnhancerBySpringCGLIB$$1d2fd39d] is not eligible for getting processed by all BeanPostProcessors (for example: not eligible for auto-proxying)
2020-03-23 16:18:26.187 [main] INFO  o.s.boot.web.embedded.tomcat.TomcatWebServer:90 - Tomcat initialized with port(s): 8081 (http)
2020-03-23 16:18:26.201 [main] INFO  org.apache.coyote.http11.Http11NioProtocol:173 - Initializing ProtocolHandler ["http-nio-8081"]
2020-03-23 16:18:26.208 [main] INFO  org.apache.catalina.core.StandardService:173 - Starting service [Tomcat]
2020-03-23 16:18:26.208 [main] INFO  org.apache.catalina.core.StandardEngine:173 - Starting Servlet engine: [Apache Tomcat/9.0.21]
2020-03-23 16:18:26.352 [main] INFO  o.a.c.core.ContainerBase.[Tomcat].[localhost].[/]:173 - Initializing Spring embedded WebApplicationContext
2020-03-23 16:18:26.352 [main] INFO  org.springframework.web.context.ContextLoader:283 - Root WebApplicationContext: initialization completed in 1701 ms
2020-03-23 16:18:26.919 [main] INFO  com.zaxxer.hikari.HikariDataSource:110 - HikariPool-1 - Starting...
2020-03-23 16:18:27.121 [main] INFO  com.zaxxer.hikari.HikariDataSource:123 - HikariPool-1 - Start completed.
2020-03-23 16:18:27.733 [main] INFO  o.a.e.c.DefaultActiviti5CompatibilityHandlerFactory:38 - Activiti 5 compatibility handler implementation not found or error during instantiation : org.activiti.compatibility.DefaultActiviti5CompatibilityHandler. Activiti 5 backwards compatibility disabled.
2020-03-23 16:18:27.809 [main] INFO  org.activiti.engine.impl.ProcessEngineImpl:87 - ProcessEngine default created
2020-03-23 16:18:28.312 [main] INFO  s.d.s.w.PropertySourcedRequestMappingHandlerMapping:69 - Mapped URL path [/v2/api-docs] onto method [public org.springframework.http.ResponseEntity<springfox.documentation.spring.web.json.Json> springfox.documentation.swagger2.web.Swagger2Controller.getDocumentation(java.lang.String,javax.servlet.http.HttpServletRequest)]
2020-03-23 16:18:28.656 [main] INFO  s.d.s.web.plugins.DocumentationPluginsBootstrapper:160 - Context refreshed
2020-03-23 16:18:28.671 [main] INFO  s.d.s.web.plugins.DocumentationPluginsBootstrapper:163 - Found 1 custom documentation plugin(s)
2020-03-23 16:18:28.706 [main] INFO  s.d.spring.web.scanners.ApiListingReferenceScanner:41 - Scanning for api listing references
2020-03-23 16:18:28.986 [main] INFO  org.apache.coyote.http11.Http11NioProtocol:173 - Starting ProtocolHandler ["http-nio-8081"]
2020-03-23 16:18:29.009 [main] INFO  o.s.boot.web.embedded.tomcat.TomcatWebServer:202 - Tomcat started on port(s): 8081 (http) with context path ''
2020-03-23 16:18:29.012 [main] INFO  com.neimeng.workflow.WorkflowApplication:59 - Started WorkflowApplication in 5.104 seconds (JVM running for 6.185)
2020-03-23 16:27:44.363 [http-nio-8081-exec-1] INFO  o.a.c.core.ContainerBase.[Tomcat].[localhost].[/]:173 - Initializing Spring DispatcherServlet 'dispatcherServlet'
2020-03-23 16:27:44.367 [http-nio-8081-exec-1] INFO  org.springframework.web.servlet.DispatcherServlet:524 - Initializing Servlet 'dispatcherServlet'
2020-03-23 16:27:44.413 [http-nio-8081-exec-1] INFO  org.springframework.web.servlet.DispatcherServlet:546 - Completed initialization in 46 ms
2020-03-23 17:27:32.181 [Thread-14] INFO  com.zaxxer.hikari.HikariDataSource:350 - HikariPool-1 - Shutdown initiated...
